0 info it worked if it ends with ok
1 verbose cli [ '/usr/bin/node', '/usr/bin/npm', 'run', 'watch' ]
2 info using npm@3.5.2
3 info using node@v8.10.0
4 verbose run-script [ 'prewatch', 'watch', 'postwatch' ]
5 info lifecycle jsongeneration@0.0.1~prewatch: jsongeneration@0.0.1
6 silly lifecycle jsongeneration@0.0.1~prewatch: no script for prewatch, continuing
7 info lifecycle jsongeneration@0.0.1~watch: jsongeneration@0.0.1
8 verbose lifecycle jsongeneration@0.0.1~watch: unsafe-perm in lifecycle true
9 verbose lifecycle jsongeneration@0.0.1~watch: PATH: /usr/share/npm/bin/node-gyp-bin:/mnt/c/Users/Konev/Documents/WebProjects/jsongeneration/node_modules/.bin:/usr/local/sbin:/usr/local/bin:/usr/sbin:/usr/bin:/sbin:/bin:/usr/games:/usr/local/games:/mnt/c/ProgramData/Oracle/Java/javapath_target_712515015:/mnt/c/Program Files (x86)/Intel/iCLS Client:/mnt/c/Program Files/Intel/iCLS Client:/mnt/c/Windows/System32:/mnt/c/Windows:/mnt/c/Windows/System32/wbem:/mnt/c/Windows/System32/WindowsPowerShell/v1.0:/mnt/c/Program Files (x86)/Intel/Intel(R) Management Engine Components/DAL:/mnt/c/Program Files/Intel/Intel(R) Management Engine Components/DAL:/mnt/c/Program Files (x86)/Intel/Intel(R) Management Engine Components/IPT:/mnt/c/Program Files/Intel/Intel(R) Management Engine Components/IPT:/mnt/c/Program Files/Microsoft SQL Server/110/Tools/Binn:/mnt/c/Program Files/Microsoft SQL Server/120/Tools/Binn:/mnt/c/Program Files/Microsoft SQL Server/Client SDK/ODBC/110/Tools/Binn:/mnt/c/Program Files (x86)/Microsoft SQL Server/120/Tools/Binn/ManagementStudio:/mnt/c/Program Files (x86)/Microsoft SQL Server/120/Tools/Binn:/mnt/c/Program Files (x86)/Microsoft SQL Server/120/DTS/Binn:/mnt/c/Program Files/Microsoft SQL Server/120/DTS/Binn:/mnt/c/Program Files/Microsoft SQL Server/130/Tools/Binn:/mnt/c/Program Files/dotnet:/mnt/c/Program Files/PuTTY:/mnt/c/Windows/System32/OpenSSH:/mnt/c/Program Files/Microsoft VS Code/bin:/mnt/c/Program Files/nodejs:/mnt/c/Program Files/Git/bin:/mnt/c/Ruby25/bin:/mnt/c/Users/Konev/AppData/Local/Programs/Python/Python36-32/Scripts:/mnt/c/Users/Konev/AppData/Local/Programs/Python/Python36-32:/mnt/c/Users/Konev/AppData/Local/Programs/Python/Launcher:/mnt/c/Users/Konev/AppData/Local/Microsoft/WindowsApps:/mnt/c/Users/Konev/AppData/Local/Programs/Fiddler:/mnt/c/Users/Konev/AppData/Local/Microsoft/WindowsApps:/mnt/c/Users/Konev/AppData/Local/Pandoc:/mnt/c/Program Files (x86)/Midnight Commander:/mnt/c/Users/Konev/AppData/Roaming/npm
10 verbose lifecycle jsongeneration@0.0.1~watch: CWD: /mnt/c/Users/Konev/Documents/WebProjects/jsongeneration
11 silly lifecycle jsongeneration@0.0.1~watch: Args: [ '-c', 'tsc -watch -p ./' ]
12 silly lifecycle jsongeneration@0.0.1~watch: Returned: code: 134  signal: null
13 info lifecycle jsongeneration@0.0.1~watch: Failed to exec watch script
14 verbose stack Error: jsongeneration@0.0.1 watch: `tsc -watch -p ./`
14 verbose stack Exit status 134
14 verbose stack     at EventEmitter.<anonymous> (/usr/share/npm/lib/utils/lifecycle.js:232:16)
14 verbose stack     at emitTwo (events.js:126:13)
14 verbose stack     at EventEmitter.emit (events.js:214:7)
14 verbose stack     at ChildProcess.<anonymous> (/usr/share/npm/lib/utils/spawn.js:24:14)
14 verbose stack     at emitTwo (events.js:126:13)
14 verbose stack     at ChildProcess.emit (events.js:214:7)
14 verbose stack     at maybeClose (internal/child_process.js:925:16)
14 verbose stack     at Process.ChildProcess._handle.onexit (internal/child_process.js:209:5)
15 verbose pkgid jsongeneration@0.0.1
16 verbose cwd /mnt/c/Users/Konev/Documents/WebProjects/jsongeneration
17 error Linux 4.4.0-17134-Microsoft
18 error argv "/usr/bin/node" "/usr/bin/npm" "run" "watch"
19 error node v8.10.0
20 error npm  v3.5.2
21 error code ELIFECYCLE
22 error jsongeneration@0.0.1 watch: `tsc -watch -p ./`
22 error Exit status 134
23 error Failed at the jsongeneration@0.0.1 watch script 'tsc -watch -p ./'.
23 error Make sure you have the latest version of node.js and npm installed.
23 error If you do, this is most likely a problem with the jsongeneration package,
23 error not with npm itself.
23 error Tell the author that this fails on your system:
23 error     tsc -watch -p ./
23 error You can get information on how to open an issue for this project with:
23 error     npm bugs jsongeneration
23 error Or if that isn't available, you can get their info via:
23 error     npm owner ls jsongeneration
23 error There is likely additional logging output above.
24 verbose exit [ 1, true ]
